<?xml version="1.0" encoding="UTF-8"?>
<!-- Generated by org.testng.reporters.JUnitReportReporter -->
<testsuite hostname="ITA-003" failures="0" tests="6" name="Automation_practice.TestNG" time="20.136" errors="0" timestamp="2024-08-09T19:11:16 IST" skipped="0">
  <testcase classname="Automation_practice.TestNG" name="end" time="0.007"/>
  <testcase classname="Automation_practice.TestNG" name="start" time="4.839"/>
  <testcase classname="Automation_practice.TestNG" name="start" time="5.613"/>
  <testcase classname="Automation_practice.TestNG" name="start" time="4.711"/>
  <testcase classname="Automation_practice.TestNG" name="start" time="4.965"/>
  <testcase classname="Automation_practice.TestNG" name="login" time="0.001"/>
</testsuite> <!-- Automation_practice.TestNG -->
